<?xml version="1.0" encoding="UTF-8"?>
<!-- Generated by org.testng.reporters.JUnitReportReporter -->
<testsuite skipped="0" hostname="ADMIN" name="com.kerb.test.Scenarios.RouteToFindSpace_LeaseSpace_Bookings" tests="1" failures="0" timestamp="04 Feb 2019 04:56:57 GMT" time="30.660" errors="0">
  <testcase name="routeToFindSpace_LeaseSpace_Bookings" time="30.660" classname="com.kerb.test.Scenarios.RouteToFindSpace_LeaseSpace_Bookings"/>
</testsuite> <!-- com.kerb.test.Scenarios.RouteToFindSpace_LeaseSpace_Bookings -->
