<?xml version="1.0" encoding="UTF-8"?>
<!-- Generated by org.testng.reporters.JUnitReportReporter -->
<testsuite skipped="0" hostname="ADMIN" name="com.kerb.test.Scenarios.HomePageTest" tests="1" failures="0" timestamp="04 Feb 2019 04:56:57 GMT" time="28.863" errors="0">
  <testcase name="HomeTest" time="28.863" classname="com.kerb.test.Scenarios.HomePageTest"/>
</testsuite> <!-- com.kerb.test.Scenarios.HomePageTest -->
